2026-04-09T12:56:26.1318153Z     __ __          __      __    _ __     
2026-04-09T12:56:26.1443672Z    / //_/_  _ ____/ /_  __/ /   (_) /____ 
2026-04-09T12:56:26.1443945Z   / ,< / / / / __  / / / / /   / / __/ _  
2026-04-09T12:56:26.1444166Z  / /| / /_/ / /_/ / /_/ / /___/ / /_/  __/
2026-04-09T12:56:26.1444224Z /_/ |_\__,_/\__,_/\__,_/_____/_/\__/\___/ 
2026-04-09T12:56:26.1444256Z 
2026-04-09T12:56:26.1444326Z                                           
2026-04-09T12:56:26.1444374Z DEBUG CONSOLE | AZURE APP SERVICE ON LINUX
2026-04-09T12:56:26.1444403Z 
2026-04-09T12:56:26.1444451Z Documentation: http://aka.ms/webapp-linux
2026-04-09T12:56:26.1444499Z Kudu Version : 20260204.5
2026-04-09T12:56:26.1444715Z Commit       : f2123a3d94768058c9d9e002efc0a31e9c1580a3
2026-04-09T12:56:26.1444763Z Instance Name: lw0sdlwk000C0T
2026-04-09T12:56:26.1444862Z Instance Id  : 2ddc320b3ce56068eef7d30467cf47281e2049dbabf0cdd575a97ac496677136
2026-04-09T12:56:26.1444893Z 
2026-04-09T12:56:26.5233287Z chown: changing ownership of '/temp': Operation not permitted
2026-04-09T12:56:26.5346123Z chmod: changing permissions of '/temp': Operation not permitted
2026-04-09T12:56:32.1187658Z Restarting OpenBSD Secure Shell server: sshd.
2026-04-09T12:56:32.2480611Z node not running, starting node /opt/webssh/index.js
2026-04-09T12:57:00.8028642Z     __ __          __      __    _ __     
2026-04-09T12:57:00.8031011Z    / //_/_  _ ____/ /_  __/ /   (_) /____ 
2026-04-09T12:57:00.8031100Z   / ,< / / / / __  / / / / /   / / __/ _  
2026-04-09T12:57:00.8031127Z  / /| / /_/ / /_/ / /_/ / /___/ / /_/  __/
2026-04-09T12:57:00.8031234Z /_/ |_\__,_/\__,_/\__,_/_____/_/\__/\___/ 
2026-04-09T12:57:00.8031288Z 
2026-04-09T12:57:00.8031334Z                                           
2026-04-09T12:57:00.8031357Z DEBUG CONSOLE | AZURE APP SERVICE ON LINUX
2026-04-09T12:57:00.8031378Z 
2026-04-09T12:57:00.8031403Z Documentation: http://aka.ms/webapp-linux
2026-04-09T12:57:00.8031444Z Kudu Version : 20260204.5
2026-04-09T12:57:00.8031469Z Commit       : f2123a3d94768058c9d9e002efc0a31e9c1580a3
2026-04-09T12:57:00.8031492Z Instance Name: lw0sdlwk000C0T
2026-04-09T12:57:00.8031518Z Instance Id  : 2ddc320b3ce56068eef7d30467cf47281e2049dbabf0cdd575a97ac496677136
2026-04-09T12:57:00.8031539Z 
2026-04-09T12:57:01.2884947Z chown: changing ownership of '/temp': Operation not permitted
2026-04-09T12:57:01.3069300Z chmod: changing permissions of '/temp': Operation not permitted
2026-04-09T12:57:03.1454038Z Restarting OpenBSD Secure Shell server: sshd.
2026-04-09T12:57:03.3303680Z node not running, starting node /opt/webssh/index.js
2026-04-09T12:57:18.5883773Z Thu Apr 9 12:57:18 UTC 2026 running .net core
2026-04-09T12:57:23.4159629Z Startup : 12.57.23.318226
2026-04-09T12:57:23.7047999Z Configure Services : 12.57.23.704475
2026-04-09T12:57:26.2614251Z Configure : 12.57.26.261016
2026-04-09T12:57:28.3045370Z Setting Up Routes : 12.57.28.304235
2026-04-09T12:57:28.3622205Z Exiting Configure : 12.57.28.361880
2026-04-09T12:57:28.6376986Z Hosting environment: Production
2026-04-09T12:57:28.6390549Z Content root path: /opt/Kudu
2026-04-09T12:57:28.6477123Z Now listening on: http://0.0.0.0:8181
2026-04-09T12:57:28.6477456Z Application started. Press Ctrl+C to shut down.
2026-04-09T12:58:25.7618014Z     __ __          __      __    _ __     
2026-04-09T12:58:25.8765807Z    / //_/_  _ ____/ /_  __/ /   (_) /____ 
2026-04-09T12:58:25.8766305Z   / ,< / / / / __  / / / / /   / / __/ _  
2026-04-09T12:58:25.8766337Z  / /| / /_/ / /_/ / /_/ / /___/ / /_/  __/
2026-04-09T12:58:25.8766362Z /_/ |_\__,_/\__,_/\__,_/_____/_/\__/\___/ 
2026-04-09T12:58:25.8766401Z 
2026-04-09T12:58:25.8766433Z                                           
2026-04-09T12:58:25.8766457Z DEBUG CONSOLE | AZURE APP SERVICE ON LINUX
2026-04-09T12:58:25.8766480Z 
2026-04-09T12:58:25.8766528Z Documentation: http://aka.ms/webapp-linux
2026-04-09T12:58:25.8766554Z Kudu Version : 20260204.5
2026-04-09T12:58:25.8766580Z Commit       : f2123a3d94768058c9d9e002efc0a31e9c1580a3
2026-04-09T12:58:25.8766605Z Instance Name: lw0sdlwk000C0T
2026-04-09T12:58:25.8766662Z Instance Id  : 2ddc320b3ce56068eef7d30467cf47281e2049dbabf0cdd575a97ac496677136
2026-04-09T12:58:25.8766687Z 
2026-04-09T12:58:26.4774681Z chown: changing ownership of '/temp': Operation not permitted
2026-04-09T12:58:26.4972168Z chmod: changing permissions of '/temp': Operation not permitted
2026-04-09T12:58:28.1760408Z Restarting OpenBSD Secure Shell server: sshd.
2026-04-09T12:58:28.3167951Z node not running, starting node /opt/webssh/index.js
2026-04-09T13:21:47.0552695Z     __ __          __      __    _ __     
2026-04-09T13:21:47.0554663Z    / //_/_  _ ____/ /_  __/ /   (_) /____ 
2026-04-09T13:21:47.0554723Z   / ,< / / / / __  / / / / /   / / __/ _  
2026-04-09T13:21:47.0554746Z  / /| / /_/ / /_/ / /_/ / /___/ / /_/  __/
2026-04-09T13:21:47.0554779Z /_/ |_\__,_/\__,_/\__,_/_____/_/\__/\___/ 
2026-04-09T13:21:47.0554810Z 
2026-04-09T13:21:47.0554908Z                                           
2026-04-09T13:21:47.0554933Z DEBUG CONSOLE | AZURE APP SERVICE ON LINUX
2026-04-09T13:21:47.0554954Z 
2026-04-09T13:21:47.0554979Z Documentation: http://aka.ms/webapp-linux
2026-04-09T13:21:47.0555003Z Kudu Version : 20260204.5
2026-04-09T13:21:47.0555027Z Commit       : f2123a3d94768058c9d9e002efc0a31e9c1580a3
2026-04-09T13:21:47.0555051Z Instance Name: lw0sdlwk000C0T
2026-04-09T13:21:47.0555081Z Instance Id  : 2ddc320b3ce56068eef7d30467cf47281e2049dbabf0cdd575a97ac496677136
2026-04-09T13:21:47.0555131Z 
2026-04-09T13:21:48.5483665Z chown: changing ownership of '/temp': Operation not permitted
2026-04-09T13:21:48.5979918Z chmod: changing permissions of '/temp': Operation not permitted
2026-04-09T13:21:54.2962275Z Restarting OpenBSD Secure Shell server: sshd.
2026-04-09T13:21:54.5033659Z node not running, starting node /opt/webssh/index.js
2026-04-09T13:22:08.8315297Z Thu Apr 9 13:22:08 UTC 2026 running .net core
2026-04-09T13:22:12.6117460Z Startup : 01.22.12.582276
2026-04-09T13:22:12.6958957Z Configure Services : 01.22.12.694850
2026-04-09T13:22:14.0387084Z Configure : 01.22.14.038433
2026-04-09T13:22:16.0337444Z Setting Up Routes : 01.22.16.026028
2026-04-09T13:22:16.1490791Z Exiting Configure : 01.22.16.148873
2026-04-09T13:22:17.0947309Z Hosting environment: Production
2026-04-09T13:22:17.1118489Z Content root path: /opt/Kudu
2026-04-09T13:22:17.1118822Z Now listening on: http://0.0.0.0:8181
2026-04-09T13:22:17.1118915Z Application started. Press Ctrl+C to shut down.
